2017-06-22 08:31:42,284 INFO  [org.jboss.modules] (main) JBoss Modules version 1.5.2.Final
2017-06-22 08:31:42,604 INFO  [org.jboss.msc] (main) JBoss MSC version 1.2.6.Final
2017-06-22 08:31:42,690 INFO  [org.jboss.as] (MSC service thread 1-5) WFLYSRV0049: WildFly Full 10.1.0.Final (WildFly Core 2.2.0.Final) starting
2017-06-22 08:31:42,692 DEBUG [org.jboss.as.config] (MSC service thread 1-5) Configured system properties:
	awt.toolkit = sun.awt.windows.WToolkit
	file.encoding = Cp1252
	file.encoding.pkg = sun.io
	file.separator = \
	java.awt.graphicsenv = sun.awt.Win32GraphicsEnvironment
	java.awt.headless = true
	java.awt.printerjob = sun.awt.windows.WPrinterJob
	java.class.path = C:\Users\it2\wildfly-10.0.0.Final\jboss-modules.jar
	java.class.version = 52.0
	java.endorsed.dirs = C:\Program Files\Java\jre1.8.0_131\lib\endorsed
	java.ext.dirs = C:\Program Files\Java\jre1.8.0_131\lib\ext;C:\WINDOWS\Sun\Java\lib\ext
	java.home = C:\Program Files\Java\jre1.8.0_131
	java.io.tmpdir = C:\Users\it2\AppData\Local\Temp\
	java.library.path = C:\Program Files\Java\jre1.8.0_131\bin;C:\WINDOWS\Sun\Java\bin;C:\WINDOWS\system32;C:\WINDOWS;native;C:/Program Files/Java/jre1.8.0_131/bin/server;C:/Program Files/Java/jre1.8.0_131/bin;C:/Program Files/Java/jre1.8.0_131/lib/amd64;C:\ProgramData\Oracle\Java\javapath;C:\Program Files (x86)\Intel\iCLS Client\;C:\Program Files\Intel\iCLS Client\;C:\WINDOWS\system32;C:\WINDOWS;C:\WINDOWS\System32\Wbem;C:\WINDOWS\System32\WindowsPowerShell\v1.0\;C:\Program Files (x86)\Intel\Intel(R) Management Engine Components\DAL;C:\Program Files\Intel\Intel(R) Management Engine Components\DAL;C:\Program Files (x86)\Intel\Intel(R) Management Engine Components\IPT;C:\Program Files\Intel\Intel(R) Management Engine Components\IPT;C:\Program Files (x86)\Skype\Phone\;C:\Program Files\Microsoft SQL Server\Client SDK\ODBC\130\Tools\Binn\;C:\Program Files (x86)\Microsoft SQL Server\130\Tools\Binn\;C:\Program Files\Microsoft SQL Server\130\Tools\Binn\;C:\Program Files\Microsoft SQL Server\130\DTS\Binn\;C:\Program Files (x86)\Microsoft SQL Server\Client SDK\ODBC\130\Tools\Binn\;C:\Program Files (x86)\Microsoft SQL Server\140\Tools\Binn\;C:\Program Files (x86)\Microsoft SQL Server\140\DTS\Binn\;C:\Program Files (x86)\Microsoft SQL Server\140\Tools\Binn\ManagementStudio\;C:\Program Files\nodejs\;C:\Users\it2\wildfly-10.1.0.Final\bin;C:\Users\it2\AppData\Local\Microsoft\WindowsApps;;C:\Program Files (x86)\Microsoft VS Code\bin;C:\Users\it2\AppData\Roaming\npm;C:\work\eclipse;;.
	java.net.preferIPv4Stack = true
	java.runtime.name = Java(TM) SE Runtime Environment
	java.runtime.version = 1.8.0_131-b11
	java.specification.name = Java Platform API Specification
	java.specification.vendor = Oracle Corporation
	java.specification.version = 1.8
	java.util.logging.manager = org.jboss.logmanager.LogManager
	java.vendor = Oracle Corporation
	java.vendor.url = http://java.oracle.com/
	java.vendor.url.bug = http://bugreport.sun.com/bugreport/
	java.version = 1.8.0_131
	java.vm.info = mixed mode
	java.vm.name = Java HotSpot(TM) 64-Bit Server VM
	java.vm.specification.name = Java Virtual Machine Specification
	java.vm.specification.vendor = Oracle Corporation
	java.vm.specification.version = 1.8
	java.vm.vendor = Oracle Corporation
	java.vm.version = 25.131-b11
	javax.management.builder.initial = org.jboss.as.jmx.PluggableMBeanServerBuilder
	javax.xml.datatype.DatatypeFactory = __redirected.__DatatypeFactory
	javax.xml.parsers.DocumentBuilderFactory = __redirected.__DocumentBuilderFactory
	javax.xml.parsers.SAXParserFactory = __redirected.__SAXParserFactory
	javax.xml.stream.XMLEventFactory = __redirected.__XMLEventFactory
	javax.xml.stream.XMLInputFactory = __redirected.__XMLInputFactory
	javax.xml.stream.XMLOutputFactory = __redirected.__XMLOutputFactory
	javax.xml.transform.TransformerFactory = __redirected.__TransformerFactory
	javax.xml.validation.SchemaFactory:http://www.w3.org/2001/XMLSchema = __redirected.__SchemaFactory
	javax.xml.xpath.XPathFactory:http://java.sun.com/jaxp/xpath/dom = __redirected.__XPathFactory
	jboss.bind.address = localhost
	jboss.bind.address.management = localhost
	jboss.home.dir = C:\Users\it2\wildfly-10.0.0.Final
	jboss.host.name = dou-it-2
	jboss.modules.dir = C:\Users\it2\wildfly-10.0.0.Final\modules
	jboss.modules.system.pkgs = org.jboss.byteman
	jboss.node.name = dou-it-2
	jboss.qualified.host.name = dou-it-2
	jboss.server.base.dir = C:\Users\it2\wildfly-10.0.0.Final\standalone
	jboss.server.config.dir = C:\Users\it2\wildfly-10.0.0.Final\standalone\configuration
	jboss.server.data.dir = C:\Users\it2\wildfly-10.0.0.Final\standalone\data
	jboss.server.deploy.dir = C:\Users\it2\wildfly-10.0.0.Final\standalone\data\content
	jboss.server.log.dir = C:\Users\it2\wildfly-10.0.0.Final\standalone\log
	jboss.server.name = dou-it-2
	jboss.server.persist.config = true
	jboss.server.temp.dir = C:\Users\it2\wildfly-10.0.0.Final\standalone\tmp
	line.separator = 

	logging.configuration = file:/C:/Users/it2/wildfly-10.0.0.Final/standalone/configuration/logging.properties
	module.path = C:/Users/it2/wildfly-10.0.0.Final/modules
	org.jboss.boot.log.file = C:/Users/it2/wildfly-10.0.0.Final/standalone/log/boot.log
	org.jboss.logmanager.nocolor = true
	org.jboss.resolver.warning = true
	org.xml.sax.driver = __redirected.__XMLReaderFactory
	os.arch = amd64
	os.name = Windows 10
	os.version = 10.0
	path.separator = ;
	program.name = JBossTools: WildFly 10.x
	sun.arch.data.model = 64
	sun.boot.class.path = C:\Program Files\Java\jre1.8.0_131\lib\resources.jar;C:\Program Files\Java\jre1.8.0_131\lib\rt.jar;C:\Program Files\Java\jre1.8.0_131\lib\jsse.jar;C:\Program Files\Java\jre1.8.0_131\lib\jce.jar;C:\Program Files\Java\jre1.8.0_131\lib\charsets.jar;C:\Program Files\Java\jre1.8.0_131\lib\jfr.jar;C:\Users\it2\Downloads\jtds-1.3.1-dist\jtds-1.3.1.jar
	sun.boot.library.path = C:\Program Files\Java\jre1.8.0_131\bin
	sun.cpu.endian = little
	sun.cpu.isalist = amd64
	sun.desktop = windows
	sun.io.unicode.encoding = UnicodeLittle
	sun.java.command = org.jboss.modules.Main -mp C:/Users/it2/wildfly-10.0.0.Final/modules org.jboss.as.standalone -b localhost --server-config=standalone.xml -Djboss.server.base.dir=C:\Users\it2\wildfly-10.0.0.Final\standalone
	sun.java.launcher = SUN_STANDARD
	sun.jnu.encoding = Cp1252
	sun.management.compiler = HotSpot 64-Bit Tiered Compilers
	sun.os.patch.level = 
	sun.rmi.dgc.client.gcInterval = 3600000
	sun.rmi.dgc.server.gcInterval = 3600000
	user.country = PT
	user.dir = C:\Users\it2\wildfly-10.0.0.Final\bin
	user.home = C:\Users\it2
	user.language = pt
	user.name = it2
	user.script = 
	user.timezone = Europe/London
	user.variant = 
2017-06-22 08:31:42,693 DEBUG [org.jboss.as.config] (MSC service thread 1-5) VM Arguments: -Dprogram.name=JBossTools: WildFly 10.x -Xms64m -Xmx512m -Dorg.jboss.resolver.warning=true -Djava.net.preferIPv4Stack=true -Dsun.rmi.dgc.client.gcInterval=3600000 -Dsun.rmi.dgc.server.gcInterval=3600000 -Djboss.modules.system.pkgs=org.jboss.byteman -Djava.awt.headless=true -Dorg.jboss.boot.log.file=C:/Users/it2/wildfly-10.0.0.Final/standalone/log/boot.log -Dlogging.configuration=file:/C:/Users/it2/wildfly-10.0.0.Final/standalone/configuration/logging.properties -Djboss.home.dir=C:/Users/it2/wildfly-10.0.0.Final -Dorg.jboss.logmanager.nocolor=true -Djboss.bind.address.management=localhost -Dfile.encoding=Cp1252 -Xbootclasspath:C:\Program Files\Java\jre1.8.0_131\lib\resources.jar;C:\Program Files\Java\jre1.8.0_131\lib\rt.jar;C:\Program Files\Java\jre1.8.0_131\lib\jsse.jar;C:\Program Files\Java\jre1.8.0_131\lib\jce.jar;C:\Program Files\Java\jre1.8.0_131\lib\charsets.jar;C:\Program Files\Java\jre1.8.0_131\lib\jfr.jar;C:\Users\it2\Downloads\jtds-1.3.1-dist\jtds-1.3.1.jar 
2017-06-22 08:31:44,473 INFO  [org.jboss.as.server.deployment.scanner] (DeploymentScanner-threads - 1) WFLYDS0004: Found app-0.0.1-SNAPSHOT.war in deployment directory. To trigger deployment create a file called app-0.0.1-SNAPSHOT.war.dodeploy
2017-06-22 08:31:44,655 INFO  [org.jboss.as.server] (Controller Boot Thread) WFLYSRV0039: Creating http management service using socket-binding (management-http)
2017-06-22 08:31:44,804 INFO  [org.xnio] (MSC service thread 1-7) XNIO version 3.4.0.Final
2017-06-22 08:31:44,810 INFO  [org.xnio.nio] (MSC service thread 1-7) XNIO NIO Implementation Version 3.4.0.Final
2017-06-22 08:31:45,107 INFO  [org.wildfly.extension.io] (ServerService Thread Pool -- 37) WFLYIO001: Worker 'default' has auto-configured to 8 core threads with 64 task threads based on your 4 available processors
2017-06-22 08:31:45,111 INFO  [org.jboss.as.clustering.infinispan] (ServerService Thread Pool -- 38) WFLYCLINF0001: Activating Infinispan subsystem.
2017-06-22 08:31:45,127 INFO  [org.jboss.as.jsf] (ServerService Thread Pool -- 44) WFLYJSF0007: Activated the following JSF Implementations: [main]
2017-06-22 08:31:45,134 WARN  [org.jboss.as.txn] (ServerService Thread Pool -- 54) WFLYTX0013: Node identifier property is set to the default value. Please make sure it is unique.
2017-06-22 08:31:45,139 INFO  [org.jboss.as.security] (ServerService Thread Pool -- 53) WFLYSEC0002: Activating Security Subsystem
2017-06-22 08:31:45,143 INFO  [org.jboss.as.security] (MSC service thread 1-6) WFLYSEC0001: Current PicketBox version=4.9.6.Final
2017-06-22 08:31:45,156 INFO  [org.jboss.as.naming] (ServerService Thread Pool -- 46) WFLYNAM0001: Activating Naming Subsystem
2017-06-22 08:31:45,173 INFO  [org.jboss.as.webservices] (ServerService Thread Pool -- 56) WFLYWS0002: Activating WebServices Extension
2017-06-22 08:31:45,383 INFO  [org.jboss.as.connector] (MSC service thread 1-6) WFLYJCA0009: Starting JCA Subsystem (WildFly/IronJacamar 1.3.4.Final)
2017-06-22 08:31:45,724 INFO  [org.wildfly.extension.undertow] (MSC service thread 1-3) WFLYUT0003: Undertow 1.4.0.Final starting
2017-06-22 08:31:46,235 INFO  [org.jboss.as.connector.subsystems.datasources] (ServerService Thread Pool -- 33) WFLYJCA0004: Deploying JDBC-compliant driver class org.h2.Driver (version 1.3)
2017-06-22 08:31:46,237 INFO  [org.jboss.as.connector.deployers.jdbc] (MSC service thread 1-3) WFLYJCA0018: Started Driver service with driver-name = h2
2017-06-22 08:31:46,397 INFO  [org.jboss.as.connector.subsystems.datasources] (ServerService Thread Pool -- 33) WFLYJCA0005: Deploying non-JDBC-compliant driver class net.sourceforge.jtds.jdbc.Driver (version 1.3)
2017-06-22 08:31:46,398 INFO  [org.jboss.as.connector.deployers.jdbc] (MSC service thread 1-5) WFLYJCA0018: Started Driver service with driver-name = jTDS
2017-06-22 08:31:46,459 INFO  [org.wildfly.extension.undertow] (ServerService Thread Pool -- 55) WFLYUT0014: Creating file handler for path 'C:\Users\it2\wildfly-10.0.0.Final/welcome-content' with options [directory-listing: 'false', follow-symlink: 'false', case-sensitive: 'true', safe-symlink-paths: '[]']
2017-06-22 08:31:46,469 INFO  [org.jboss.as.naming] (MSC service thread 1-2) WFLYNAM0003: Starting Naming Service
2017-06-22 08:31:46,471 INFO  [org.jboss.as.mail.extension] (MSC service thread 1-4) WFLYMAIL0001: Bound mail session [java:jboss/mail/Default]
2017-06-22 08:31:47,154 INFO  [org.jboss.as.ejb3] (MSC service thread 1-3) WFLYEJB0481: Strict pool slsb-strict-max-pool is using a max instance size of 64 (per class), which is derived from thread worker pool sizing.
2017-06-22 08:31:47,154 INFO  [org.jboss.as.ejb3] (MSC service thread 1-1) WFLYEJB0482: Strict pool mdb-strict-max-pool is using a max instance size of 16 (per class), which is derived from the number of CPUs on this host.
2017-06-22 08:31:47,157 INFO  [org.jboss.remoting] (MSC service thread 1-4) JBoss Remoting version 4.0.21.Final
2017-06-22 08:31:47,195 INFO  [org.wildfly.extension.undertow] (MSC service thread 1-7) WFLYUT0012: Started server default-server.
2017-06-22 08:31:47,196 INFO  [org.wildfly.extension.undertow] (MSC service thread 1-7) WFLYUT0018: Host default-host starting
2017-06-22 08:31:47,590 INFO  [org.wildfly.extension.undertow] (MSC service thread 1-4) WFLYUT0006: Undertow HTTP listener default listening on 127.0.0.1:8080
2017-06-22 08:31:47,603 INFO  [org.jboss.as.connector.subsystems.datasources] (MSC service thread 1-4) WFLYJCA0001: Bound data source [java:jboss/datasources/demoDS]
2017-06-22 08:31:47,603 INFO  [org.jboss.as.connector.subsystems.datasources] (MSC service thread 1-4) WFLYJCA0001: Bound data source [java:jboss/datasources/ExampleDS]
2017-06-22 08:31:47,605 INFO  [org.jboss.as.connector.subsystems.datasources] (MSC service thread 1-4) WFLYJCA0001: Bound data source [java:jboss/datasources/siip]
2017-06-22 08:31:47,684 INFO  [org.jboss.as.server.deployment] (MSC service thread 1-6) WFLYSRV0027: Starting deployment of "app-0.0.1-SNAPSHOT.war" (runtime-name: "app-0.0.1-SNAPSHOT.war")
2017-06-22 08:31:47,716 INFO  [org.jboss.as.server.deployment.scanner] (MSC service thread 1-4) WFLYDS0013: Started FileSystemDeploymentService for directory C:\Users\it2\wildfly-10.0.0.Final\standalone\deployments
2017-06-22 08:31:48,336 INFO  [org.infinispan.factories.GlobalComponentRegistry] (MSC service thread 1-1) ISPN000128: Infinispan version: Infinispan 'Chakra' 8.2.4.Final
2017-06-22 08:31:48,590 INFO  [org.infinispan.configuration.cache.EvictionConfigurationBuilder] (ServerService Thread Pool -- 65) ISPN000152: Passivation configured without an eviction policy being selected. Only manually evicted entities will be passivated.
2017-06-22 08:31:48,589 INFO  [org.infinispan.configuration.cache.EvictionConfigurationBuilder] (ServerService Thread Pool -- 59) ISPN000152: Passivation configured without an eviction policy being selected. Only manually evicted entities will be passivated.
2017-06-22 08:31:48,592 INFO  [org.infinispan.configuration.cache.EvictionConfigurationBuilder] (ServerService Thread Pool -- 59) ISPN000152: Passivation configured without an eviction policy being selected. Only manually evicted entities will be passivated.
2017-06-22 08:31:48,592 INFO  [org.infinispan.configuration.cache.EvictionConfigurationBuilder] (ServerService Thread Pool -- 65) ISPN000152: Passivation configured without an eviction policy being selected. Only manually evicted entities will be passivated.
2017-06-22 08:31:48,593 INFO  [org.infinispan.configuration.cache.EvictionConfigurationBuilder] (ServerService Thread Pool -- 66) ISPN000152: Passivation configured without an eviction policy being selected. Only manually evicted entities will be passivated.
2017-06-22 08:31:48,594 INFO  [org.infinispan.configuration.cache.EvictionConfigurationBuilder] (ServerService Thread Pool -- 66) ISPN000152: Passivation configured without an eviction policy being selected. Only manually evicted entities will be passivated.
2017-06-22 08:31:49,214 INFO  [org.wildfly.extension.undertow] (MSC service thread 1-6) WFLYUT0006: Undertow HTTPS listener https listening on 127.0.0.1:8443
2017-06-22 08:31:50,642 INFO  [org.jboss.ws.common.management] (MSC service thread 1-8) JBWS022052: Starting JBossWS 5.1.5.Final (Apache CXF 3.1.6) 
2017-06-22 08:31:52,500 INFO  [org.jboss.as.jpa] (MSC service thread 1-8) WFLYJPA0002: Read persistence.xml for persistenceUnit
2017-06-22 08:31:53,279 INFO  [org.jboss.as.jpa] (ServerService Thread Pool -- 65) WFLYJPA0010: Starting Persistence Unit (phase 1 of 2) Service 'app-0.0.1-SNAPSHOT.war#persistenceUnit'
2017-06-22 08:31:53,500 INFO  [org.hibernate.jpa.internal.util.LogHelper] (ServerService Thread Pool -- 65) HHH000204: Processing PersistenceUnitInfo [
	name: persistenceUnit
	...]
2017-06-22 08:31:53,686 INFO  [org.jboss.weld.deployer] (MSC service thread 1-8) WFLYWELD0003: Processing weld deployment app-0.0.1-SNAPSHOT.war
2017-06-22 08:31:54,681 INFO  [org.hibernate.validator.internal.util.Version] (MSC service thread 1-8) HV000001: Hibernate Validator 5.2.4.Final
2017-06-22 08:31:54,906 INFO  [org.hibernate.Version] (ServerService Thread Pool -- 65) HHH000412: Hibernate Core {5.0.10.Final}
2017-06-22 08:31:54,908 INFO  [org.hibernate.cfg.Environment] (ServerService Thread Pool -- 65) HHH000206: hibernate.properties not found
2017-06-22 08:31:54,912 INFO  [org.hibernate.cfg.Environment] (ServerService Thread Pool -- 65) HHH000021: Bytecode provider name : javassist
2017-06-22 08:31:54,955 INFO  [org.jboss.as.ejb3.deployment] (MSC service thread 1-8) WFLYEJB0473: JNDI bindings for session bean named 'SIIP' in deployment unit 'deployment "app-0.0.1-SNAPSHOT.war"' are as follows:

	java:global/app-0.0.1-SNAPSHOT/SIIP!pt.example.rest.SIIP
	java:app/app-0.0.1-SNAPSHOT/SIIP!pt.example.rest.SIIP
	java:module/SIIP!pt.example.rest.SIIP
	java:global/app-0.0.1-SNAPSHOT/SIIP
	java:app/app-0.0.1-SNAPSHOT/SIIP
	java:module/SIIP

2017-06-22 08:31:54,956 INFO  [org.jboss.as.ejb3.deployment] (MSC service thread 1-8) WFLYEJB0473: JNDI bindings for session bean named 'DemoRest' in deployment unit 'deployment "app-0.0.1-SNAPSHOT.war"' are as follows:

	java:global/app-0.0.1-SNAPSHOT/DemoRest!pt.example.rest.DemoRest
	java:app/app-0.0.1-SNAPSHOT/DemoRest!pt.example.rest.DemoRest
	java:module/DemoRest!pt.example.rest.DemoRest
	java:global/app-0.0.1-SNAPSHOT/DemoRest
	java:app/app-0.0.1-SNAPSHOT/DemoRest
	java:module/DemoRest

2017-06-22 08:31:55,178 INFO  [org.hibernate.annotations.common.Version] (ServerService Thread Pool -- 65) HCANN000001: Hibernate Commons Annotations {5.0.1.Final}
2017-06-22 08:31:55,576 INFO  [org.infinispan.configuration.cache.EvictionConfigurationBuilder] (ServerService Thread Pool -- 65) ISPN000152: Passivation configured without an eviction policy being selected. Only manually evicted entities will be passivated.
2017-06-22 08:31:55,579 INFO  [org.infinispan.configuration.cache.EvictionConfigurationBuilder] (ServerService Thread Pool -- 65) ISPN000152: Passivation configured without an eviction policy being selected. Only manually evicted entities will be passivated.
2017-06-22 08:31:55,664 INFO  [org.jboss.as.connector.deployers.jdbc] (MSC service thread 1-6) WFLYJCA0004: Deploying JDBC-compliant driver class com.ddtek.jdbc.openedge.OpenEdgeDriver (version 5.1)
2017-06-22 08:31:55,906 INFO  [org.jboss.weld.Version] (MSC service thread 1-6) WELD-000900: 2.3.5 (Final)
2017-06-22 08:31:55,972 INFO  [org.jboss.as.connector.deployers.jdbc] (MSC service thread 1-3) WFLYJCA0018: Started Driver service with driver-name = app-0.0.1-SNAPSHOT.war_com.ddtek.jdbc.openedge.OpenEdgeDriver_5_1
2017-06-22 08:31:57,095 INFO  [org.jboss.as.jpa] (ServerService Thread Pool -- 66) WFLYJPA0010: Starting Persistence Unit (phase 2 of 2) Service 'app-0.0.1-SNAPSHOT.war#persistenceUnit'
2017-06-22 08:31:57,524 INFO  [org.jboss.as.clustering.infinispan] (ServerService Thread Pool -- 65) WFLYCLINF0002: Started client-mappings cache from ejb container
2017-06-22 08:31:58,794 INFO  [org.hibernate.dialect.Dialect] (ServerService Thread Pool -- 66) HHH000400: Using dialect: org.hibernate.dialect.SQLServerDialect
2017-06-22 08:31:59,287 INFO  [org.hibernate.engine.jdbc.env.internal.LobCreatorBuilderImpl] (ServerService Thread Pool -- 66) HHH000423: Disabling contextual LOB creation as JDBC driver reported JDBC version [3] less than 4
2017-06-22 08:31:59,357 INFO  [org.hibernate.envers.boot.internal.EnversServiceImpl] (ServerService Thread Pool -- 66) Envers integration enabled? : true
2017-06-22 08:32:04,785 INFO  [org.jboss.resteasy.resteasy_jaxrs.i18n] (ServerService Thread Pool -- 64) RESTEASY002225: Deploying javax.ws.rs.core.Application: class pt.example.bootstrap.JaxRsActivator$Proxy$_$$_WeldClientProxy
2017-06-22 08:32:04,888 INFO  [org.wildfly.extension.undertow] (ServerService Thread Pool -- 64) WFLYUT0021: Registered web context: /app-0.0.1-SNAPSHOT
2017-06-22 08:32:05,118 INFO  [org.jboss.as.server] (ServerService Thread Pool -- 34) WFLYSRV0010: Deployed "app-0.0.1-SNAPSHOT.war" (runtime-name : "app-0.0.1-SNAPSHOT.war")
2017-06-22 08:32:05,356 INFO  [org.jboss.as] (Controller Boot Thread) WFLYSRV0060: Http management interface listening on http://127.0.0.1:9990/management
2017-06-22 08:32:05,357 INFO  [org.jboss.as] (Controller Boot Thread) WFLYSRV0051: Admin console listening on http://127.0.0.1:9990
2017-06-22 08:32:05,357 INFO  [org.jboss.as] (Controller Boot Thread) WFLYSRV0025: WildFly Full 10.1.0.Final (WildFly Core 2.2.0.Final) started in 23594ms - Started 487 of 723 services (406 services are lazy, passive or on-demand)
2017-06-22 08:34:40,528 INFO  [org.hibernate.hql.internal.QueryTranslatorFactoryInitiator] (default task-3) HHH000397: Using ASTQueryTranslatorFactory
2017-06-22 08:34:40,996 INFO  [stdout] (default task-3) Hibernate: select rp_conf_op0_.ID_CONF_OP_NPREV as ID_CONF_1_3_, rp_conf_op0_.ID_OP as ID_OP2_3_, rp_conf_op0_.NOME_OP as NOME_OP3_3_, rp_conf_op0_.SECNUMENR1_OP as SECNUMEN4_3_ from RP_CONF_OP_NPREV rp_conf_op0_
